ERROR - 2025-07-20 05:13:21 --> Error connecting to the database: TypeError: mysqli::real_connect(): Argument #5 ($port) must be of type ?int, string given in C:\dev\WorkSpace\PHP\Restorant\system\Database\MySQLi\Connection.php:201
Stack trace:
#0 C:\dev\WorkSpace\PHP\Restorant\system\Database\MySQLi\Connection.php(201): mysqli->real_connect()
#1 C:\dev\WorkSpace\PHP\Restorant\system\Database\BaseConnection.php(421): CodeIgniter\Database\MySQLi\Connection->connect()
#2 C:\dev\WorkSpace\PHP\Restorant\system\Database\BaseConnection.php(620): CodeIgniter\Database\BaseConnection->initialize()
#3 C:\dev\WorkSpace\PHP\Restorant\system\Database\BaseBuilder.php(1733): CodeIgniter\Database\BaseConnection->query()
#4 C:\dev\WorkSpace\PHP\Restorant\system\Model.php(676): CodeIgniter\Database\BaseBuilder->countAllResults()
#5 C:\dev\WorkSpace\PHP\Restorant\system\BaseModel.php(1287): CodeIgniter\Model->countAllResults()
#6 C:\dev\WorkSpace\PHP\Restorant\app\Models\UserModel.php(71): CodeIgniter\BaseModel->paginate()
#7 C:\dev\WorkSpace\PHP\Restorant\app\Controllers\Api\UsersController.php(36): App\Models\UserModel->getUsersPaginated()
#8 C:\dev\WorkSpace\PHP\Restorant\system\CodeIgniter.php(933): App\Controllers\Api\UsersController->index()
#9 C:\dev\WorkSpace\PHP\Restorant\system\CodeIgniter.php(507): CodeIgniter\CodeIgniter->runController()
#10 C:\dev\WorkSpace\PHP\Restorant\system\CodeIgniter.php(354): CodeIgniter\CodeIgniter->handleRequest()
#11 C:\dev\WorkSpace\PHP\Restorant\system\Boot.php(334): CodeIgniter\CodeIgniter->run()
#12 C:\dev\WorkSpace\PHP\Restorant\system\Boot.php(67): CodeIgniter\Boot::runCodeIgniter()
#13 C:\dev\WorkSpace\PHP\Restorant\public\index.php(59): CodeIgniter\Boot::bootWeb()
#14 {main}

Next CodeIgniter\Database\Exceptions\DatabaseException: mysqli::real_connect(): Argument #5 ($port) must be of type ?int, string given in C:\dev\WorkSpace\PHP\Restorant\system\Database\MySQLi\Connection.php:246
Stack trace:
#0 C:\dev\WorkSpace\PHP\Restorant\system\Database\BaseConnection.php(421): CodeIgniter\Database\MySQLi\Connection->connect()
#1 C:\dev\WorkSpace\PHP\Restorant\system\Database\BaseConnection.php(620): CodeIgniter\Database\BaseConnection->initialize()
#2 C:\dev\WorkSpace\PHP\Restorant\system\Database\BaseBuilder.php(1733): CodeIgniter\Database\BaseConnection->query()
#3 C:\dev\WorkSpace\PHP\Restorant\system\Model.php(676): CodeIgniter\Database\BaseBuilder->countAllResults()
#4 C:\dev\WorkSpace\PHP\Restorant\system\BaseModel.php(1287): CodeIgniter\Model->countAllResults()
#5 C:\dev\WorkSpace\PHP\Restorant\app\Models\UserModel.php(71): CodeIgniter\BaseModel->paginate()
#6 C:\dev\WorkSpace\PHP\Restorant\app\Controllers\Api\UsersController.php(36): App\Models\UserModel->getUsersPaginated()
#7 C:\dev\WorkSpace\PHP\Restorant\system\CodeIgniter.php(933): App\Controllers\Api\UsersController->index()
#8 C:\dev\WorkSpace\PHP\Restorant\system\CodeIgniter.php(507): CodeIgniter\CodeIgniter->runController()
#9 C:\dev\WorkSpace\PHP\Restorant\system\CodeIgniter.php(354): CodeIgniter\CodeIgniter->handleRequest()
#10 C:\dev\WorkSpace\PHP\Restorant\system\Boot.php(334): CodeIgniter\CodeIgniter->run()
#11 C:\dev\WorkSpace\PHP\Restorant\system\Boot.php(67): CodeIgniter\Boot::runCodeIgniter()
#12 C:\dev\WorkSpace\PHP\Restorant\public\index.php(59): CodeIgniter\Boot::bootWeb()
#13 {main}
ERROR - 2025-07-20 05:17:02 --> Error connecting to the database: TypeError: mysqli::real_connect(): Argument #5 ($port) must be of type ?int, string given in C:\dev\WorkSpace\PHP\Restorant\system\Database\MySQLi\Connection.php:201
Stack trace:
#0 C:\dev\WorkSpace\PHP\Restorant\system\Database\MySQLi\Connection.php(201): mysqli->real_connect()
#1 C:\dev\WorkSpace\PHP\Restorant\system\Database\BaseConnection.php(421): CodeIgniter\Database\MySQLi\Connection->connect()
#2 C:\dev\WorkSpace\PHP\Restorant\system\Database\BaseConnection.php(620): CodeIgniter\Database\BaseConnection->initialize()
#3 C:\dev\WorkSpace\PHP\Restorant\system\Database\BaseBuilder.php(1733): CodeIgniter\Database\BaseConnection->query()
#4 C:\dev\WorkSpace\PHP\Restorant\system\Model.php(676): CodeIgniter\Database\BaseBuilder->countAllResults()
#5 C:\dev\WorkSpace\PHP\Restorant\system\BaseModel.php(1287): CodeIgniter\Model->countAllResults()
#6 C:\dev\WorkSpace\PHP\Restorant\app\Models\UserModel.php(71): CodeIgniter\BaseModel->paginate()
#7 C:\dev\WorkSpace\PHP\Restorant\app\Controllers\Api\UsersController.php(36): App\Models\UserModel->getUsersPaginated()
#8 C:\dev\WorkSpace\PHP\Restorant\system\CodeIgniter.php(933): App\Controllers\Api\UsersController->index()
#9 C:\dev\WorkSpace\PHP\Restorant\system\CodeIgniter.php(507): CodeIgniter\CodeIgniter->runController()
#10 C:\dev\WorkSpace\PHP\Restorant\system\CodeIgniter.php(354): CodeIgniter\CodeIgniter->handleRequest()
#11 C:\dev\WorkSpace\PHP\Restorant\system\Boot.php(334): CodeIgniter\CodeIgniter->run()
#12 C:\dev\WorkSpace\PHP\Restorant\system\Boot.php(67): CodeIgniter\Boot::runCodeIgniter()
#13 C:\dev\WorkSpace\PHP\Restorant\public\index.php(59): CodeIgniter\Boot::bootWeb()
#14 {main}

Next CodeIgniter\Database\Exceptions\DatabaseException: mysqli::real_connect(): Argument #5 ($port) must be of type ?int, string given in C:\dev\WorkSpace\PHP\Restorant\system\Database\MySQLi\Connection.php:246
Stack trace:
#0 C:\dev\WorkSpace\PHP\Restorant\system\Database\BaseConnection.php(421): CodeIgniter\Database\MySQLi\Connection->connect()
#1 C:\dev\WorkSpace\PHP\Restorant\system\Database\BaseConnection.php(620): CodeIgniter\Database\BaseConnection->initialize()
#2 C:\dev\WorkSpace\PHP\Restorant\system\Database\BaseBuilder.php(1733): CodeIgniter\Database\BaseConnection->query()
#3 C:\dev\WorkSpace\PHP\Restorant\system\Model.php(676): CodeIgniter\Database\BaseBuilder->countAllResults()
#4 C:\dev\WorkSpace\PHP\Restorant\system\BaseModel.php(1287): CodeIgniter\Model->countAllResults()
#5 C:\dev\WorkSpace\PHP\Restorant\app\Models\UserModel.php(71): CodeIgniter\BaseModel->paginate()
#6 C:\dev\WorkSpace\PHP\Restorant\app\Controllers\Api\UsersController.php(36): App\Models\UserModel->getUsersPaginated()
#7 C:\dev\WorkSpace\PHP\Restorant\system\CodeIgniter.php(933): App\Controllers\Api\UsersController->index()
#8 C:\dev\WorkSpace\PHP\Restorant\system\CodeIgniter.php(507): CodeIgniter\CodeIgniter->runController()
#9 C:\dev\WorkSpace\PHP\Restorant\system\CodeIgniter.php(354): CodeIgniter\CodeIgniter->handleRequest()
#10 C:\dev\WorkSpace\PHP\Restorant\system\Boot.php(334): CodeIgniter\CodeIgniter->run()
#11 C:\dev\WorkSpace\PHP\Restorant\system\Boot.php(67): CodeIgniter\Boot::runCodeIgniter()
#12 C:\dev\WorkSpace\PHP\Restorant\public\index.php(59): CodeIgniter\Boot::bootWeb()
#13 {main}
ERROR - 2025-07-20 05:58:19 --> Error connecting to the database: TypeError: mysqli::real_connect(): Argument #5 ($port) must be of type ?int, string given in C:\dev\WorkSpace\PHP\Restorant\system\Database\MySQLi\Connection.php:201
Stack trace:
#0 C:\dev\WorkSpace\PHP\Restorant\system\Database\MySQLi\Connection.php(201): mysqli->real_connect()
#1 C:\dev\WorkSpace\PHP\Restorant\system\Database\BaseConnection.php(421): CodeIgniter\Database\MySQLi\Connection->connect()
#2 C:\dev\WorkSpace\PHP\Restorant\system\Database\BaseConnection.php(620): CodeIgniter\Database\BaseConnection->initialize()
#3 C:\dev\WorkSpace\PHP\Restorant\app\Controllers\InstallController.php(114): CodeIgniter\Database\BaseConnection->query()
#4 C:\dev\WorkSpace\PHP\Restorant\app\Controllers\InstallController.php(26): App\Controllers\InstallController->checkDatabaseConnection()
#5 C:\dev\WorkSpace\PHP\Restorant\system\CodeIgniter.php(933): App\Controllers\InstallController->index()
#6 C:\dev\WorkSpace\PHP\Restorant\system\CodeIgniter.php(507): CodeIgniter\CodeIgniter->runController()
#7 C:\dev\WorkSpace\PHP\Restorant\system\CodeIgniter.php(354): CodeIgniter\CodeIgniter->handleRequest()
#8 C:\dev\WorkSpace\PHP\Restorant\system\Boot.php(334): CodeIgniter\CodeIgniter->run()
#9 C:\dev\WorkSpace\PHP\Restorant\system\Boot.php(67): CodeIgniter\Boot::runCodeIgniter()
#10 C:\dev\WorkSpace\PHP\Restorant\public\index.php(59): CodeIgniter\Boot::bootWeb()
#11 {main}

Next CodeIgniter\Database\Exceptions\DatabaseException: mysqli::real_connect(): Argument #5 ($port) must be of type ?int, string given in C:\dev\WorkSpace\PHP\Restorant\system\Database\MySQLi\Connection.php:246
Stack trace:
#0 C:\dev\WorkSpace\PHP\Restorant\system\Database\BaseConnection.php(421): CodeIgniter\Database\MySQLi\Connection->connect()
#1 C:\dev\WorkSpace\PHP\Restorant\system\Database\BaseConnection.php(620): CodeIgniter\Database\BaseConnection->initialize()
#2 C:\dev\WorkSpace\PHP\Restorant\app\Controllers\InstallController.php(114): CodeIgniter\Database\BaseConnection->query()
#3 C:\dev\WorkSpace\PHP\Restorant\app\Controllers\InstallController.php(26): App\Controllers\InstallController->checkDatabaseConnection()
#4 C:\dev\WorkSpace\PHP\Restorant\system\CodeIgniter.php(933): App\Controllers\InstallController->index()
#5 C:\dev\WorkSpace\PHP\Restorant\system\CodeIgniter.php(507): CodeIgniter\CodeIgniter->runController()
#6 C:\dev\WorkSpace\PHP\Restorant\system\CodeIgniter.php(354): CodeIgniter\CodeIgniter->handleRequest()
#7 C:\dev\WorkSpace\PHP\Restorant\system\Boot.php(334): CodeIgniter\CodeIgniter->run()
#8 C:\dev\WorkSpace\PHP\Restorant\system\Boot.php(67): CodeIgniter\Boot::runCodeIgniter()
#9 C:\dev\WorkSpace\PHP\Restorant\public\index.php(59): CodeIgniter\Boot::bootWeb()
#10 {main}
ERROR - 2025-07-20 05:59:07 --> Error connecting to the database: TypeError: mysqli::real_connect(): Argument #5 ($port) must be of type ?int, string given in C:\dev\WorkSpace\PHP\Restorant\system\Database\MySQLi\Connection.php:201
Stack trace:
#0 C:\dev\WorkSpace\PHP\Restorant\system\Database\MySQLi\Connection.php(201): mysqli->real_connect()
#1 C:\dev\WorkSpace\PHP\Restorant\system\Database\BaseConnection.php(421): CodeIgniter\Database\MySQLi\Connection->connect()
#2 C:\dev\WorkSpace\PHP\Restorant\system\Database\BaseConnection.php(620): CodeIgniter\Database\BaseConnection->initialize()
#3 C:\dev\WorkSpace\PHP\Restorant\app\Controllers\InstallController.php(114): CodeIgniter\Database\BaseConnection->query()
#4 C:\dev\WorkSpace\PHP\Restorant\app\Controllers\InstallController.php(26): App\Controllers\InstallController->checkDatabaseConnection()
#5 C:\dev\WorkSpace\PHP\Restorant\system\CodeIgniter.php(933): App\Controllers\InstallController->index()
#6 C:\dev\WorkSpace\PHP\Restorant\system\CodeIgniter.php(507): CodeIgniter\CodeIgniter->runController()
#7 C:\dev\WorkSpace\PHP\Restorant\system\CodeIgniter.php(354): CodeIgniter\CodeIgniter->handleRequest()
#8 C:\dev\WorkSpace\PHP\Restorant\system\Boot.php(334): CodeIgniter\CodeIgniter->run()
#9 C:\dev\WorkSpace\PHP\Restorant\system\Boot.php(67): CodeIgniter\Boot::runCodeIgniter()
#10 C:\dev\WorkSpace\PHP\Restorant\public\index.php(59): CodeIgniter\Boot::bootWeb()
#11 {main}

Next CodeIgniter\Database\Exceptions\DatabaseException: mysqli::real_connect(): Argument #5 ($port) must be of type ?int, string given in C:\dev\WorkSpace\PHP\Restorant\system\Database\MySQLi\Connection.php:246
Stack trace:
#0 C:\dev\WorkSpace\PHP\Restorant\system\Database\BaseConnection.php(421): CodeIgniter\Database\MySQLi\Connection->connect()
#1 C:\dev\WorkSpace\PHP\Restorant\system\Database\BaseConnection.php(620): CodeIgniter\Database\BaseConnection->initialize()
#2 C:\dev\WorkSpace\PHP\Restorant\app\Controllers\InstallController.php(114): CodeIgniter\Database\BaseConnection->query()
#3 C:\dev\WorkSpace\PHP\Restorant\app\Controllers\InstallController.php(26): App\Controllers\InstallController->checkDatabaseConnection()
#4 C:\dev\WorkSpace\PHP\Restorant\system\CodeIgniter.php(933): App\Controllers\InstallController->index()
#5 C:\dev\WorkSpace\PHP\Restorant\system\CodeIgniter.php(507): CodeIgniter\CodeIgniter->runController()
#6 C:\dev\WorkSpace\PHP\Restorant\system\CodeIgniter.php(354): CodeIgniter\CodeIgniter->handleRequest()
#7 C:\dev\WorkSpace\PHP\Restorant\system\Boot.php(334): CodeIgniter\CodeIgniter->run()
#8 C:\dev\WorkSpace\PHP\Restorant\system\Boot.php(67): CodeIgniter\Boot::runCodeIgniter()
#9 C:\dev\WorkSpace\PHP\Restorant\public\index.php(59): CodeIgniter\Boot::bootWeb()
#10 {main}
ERROR - 2025-07-20 05:59:09 --> Error connecting to the database: TypeError: mysqli::real_connect(): Argument #5 ($port) must be of type ?int, string given in C:\dev\WorkSpace\PHP\Restorant\system\Database\MySQLi\Connection.php:201
Stack trace:
#0 C:\dev\WorkSpace\PHP\Restorant\system\Database\MySQLi\Connection.php(201): mysqli->real_connect()
#1 C:\dev\WorkSpace\PHP\Restorant\system\Database\BaseConnection.php(421): CodeIgniter\Database\MySQLi\Connection->connect()
#2 C:\dev\WorkSpace\PHP\Restorant\system\Database\BaseConnection.php(620): CodeIgniter\Database\BaseConnection->initialize()
#3 C:\dev\WorkSpace\PHP\Restorant\app\Controllers\InstallController.php(114): CodeIgniter\Database\BaseConnection->query()
#4 C:\dev\WorkSpace\PHP\Restorant\app\Controllers\InstallController.php(26): App\Controllers\InstallController->checkDatabaseConnection()
#5 C:\dev\WorkSpace\PHP\Restorant\system\CodeIgniter.php(933): App\Controllers\InstallController->index()
#6 C:\dev\WorkSpace\PHP\Restorant\system\CodeIgniter.php(507): CodeIgniter\CodeIgniter->runController()
#7 C:\dev\WorkSpace\PHP\Restorant\system\CodeIgniter.php(354): CodeIgniter\CodeIgniter->handleRequest()
#8 C:\dev\WorkSpace\PHP\Restorant\system\Boot.php(334): CodeIgniter\CodeIgniter->run()
#9 C:\dev\WorkSpace\PHP\Restorant\system\Boot.php(67): CodeIgniter\Boot::runCodeIgniter()
#10 C:\dev\WorkSpace\PHP\Restorant\public\index.php(59): CodeIgniter\Boot::bootWeb()
#11 {main}

Next CodeIgniter\Database\Exceptions\DatabaseException: mysqli::real_connect(): Argument #5 ($port) must be of type ?int, string given in C:\dev\WorkSpace\PHP\Restorant\system\Database\MySQLi\Connection.php:246
Stack trace:
#0 C:\dev\WorkSpace\PHP\Restorant\system\Database\BaseConnection.php(421): CodeIgniter\Database\MySQLi\Connection->connect()
#1 C:\dev\WorkSpace\PHP\Restorant\system\Database\BaseConnection.php(620): CodeIgniter\Database\BaseConnection->initialize()
#2 C:\dev\WorkSpace\PHP\Restorant\app\Controllers\InstallController.php(114): CodeIgniter\Database\BaseConnection->query()
#3 C:\dev\WorkSpace\PHP\Restorant\app\Controllers\InstallController.php(26): App\Controllers\InstallController->checkDatabaseConnection()
#4 C:\dev\WorkSpace\PHP\Restorant\system\CodeIgniter.php(933): App\Controllers\InstallController->index()
#5 C:\dev\WorkSpace\PHP\Restorant\system\CodeIgniter.php(507): CodeIgniter\CodeIgniter->runController()
#6 C:\dev\WorkSpace\PHP\Restorant\system\CodeIgniter.php(354): CodeIgniter\CodeIgniter->handleRequest()
#7 C:\dev\WorkSpace\PHP\Restorant\system\Boot.php(334): CodeIgniter\CodeIgniter->run()
#8 C:\dev\WorkSpace\PHP\Restorant\system\Boot.php(67): CodeIgniter\Boot::runCodeIgniter()
#9 C:\dev\WorkSpace\PHP\Restorant\public\index.php(59): CodeIgniter\Boot::bootWeb()
#10 {main}
ERROR - 2025-07-20 05:59:11 --> Error connecting to the database: TypeError: mysqli::real_connect(): Argument #5 ($port) must be of type ?int, string given in C:\dev\WorkSpace\PHP\Restorant\system\Database\MySQLi\Connection.php:201
Stack trace:
#0 C:\dev\WorkSpace\PHP\Restorant\system\Database\MySQLi\Connection.php(201): mysqli->real_connect()
#1 C:\dev\WorkSpace\PHP\Restorant\system\Database\BaseConnection.php(421): CodeIgniter\Database\MySQLi\Connection->connect()
#2 C:\dev\WorkSpace\PHP\Restorant\system\Database\BaseConnection.php(620): CodeIgniter\Database\BaseConnection->initialize()
#3 C:\dev\WorkSpace\PHP\Restorant\app\Controllers\InstallController.php(114): CodeIgniter\Database\BaseConnection->query()
#4 C:\dev\WorkSpace\PHP\Restorant\app\Controllers\InstallController.php(26): App\Controllers\InstallController->checkDatabaseConnection()
#5 C:\dev\WorkSpace\PHP\Restorant\system\CodeIgniter.php(933): App\Controllers\InstallController->index()
#6 C:\dev\WorkSpace\PHP\Restorant\system\CodeIgniter.php(507): CodeIgniter\CodeIgniter->runController()
#7 C:\dev\WorkSpace\PHP\Restorant\system\CodeIgniter.php(354): CodeIgniter\CodeIgniter->handleRequest()
#8 C:\dev\WorkSpace\PHP\Restorant\system\Boot.php(334): CodeIgniter\CodeIgniter->run()
#9 C:\dev\WorkSpace\PHP\Restorant\system\Boot.php(67): CodeIgniter\Boot::runCodeIgniter()
#10 C:\dev\WorkSpace\PHP\Restorant\public\index.php(59): CodeIgniter\Boot::bootWeb()
#11 {main}

Next CodeIgniter\Database\Exceptions\DatabaseException: mysqli::real_connect(): Argument #5 ($port) must be of type ?int, string given in C:\dev\WorkSpace\PHP\Restorant\system\Database\MySQLi\Connection.php:246
Stack trace:
#0 C:\dev\WorkSpace\PHP\Restorant\system\Database\BaseConnection.php(421): CodeIgniter\Database\MySQLi\Connection->connect()
#1 C:\dev\WorkSpace\PHP\Restorant\system\Database\BaseConnection.php(620): CodeIgniter\Database\BaseConnection->initialize()
#2 C:\dev\WorkSpace\PHP\Restorant\app\Controllers\InstallController.php(114): CodeIgniter\Database\BaseConnection->query()
#3 C:\dev\WorkSpace\PHP\Restorant\app\Controllers\InstallController.php(26): App\Controllers\InstallController->checkDatabaseConnection()
#4 C:\dev\WorkSpace\PHP\Restorant\system\CodeIgniter.php(933): App\Controllers\InstallController->index()
#5 C:\dev\WorkSpace\PHP\Restorant\system\CodeIgniter.php(507): CodeIgniter\CodeIgniter->runController()
#6 C:\dev\WorkSpace\PHP\Restorant\system\CodeIgniter.php(354): CodeIgniter\CodeIgniter->handleRequest()
#7 C:\dev\WorkSpace\PHP\Restorant\system\Boot.php(334): CodeIgniter\CodeIgniter->run()
#8 C:\dev\WorkSpace\PHP\Restorant\system\Boot.php(67): CodeIgniter\Boot::runCodeIgniter()
#9 C:\dev\WorkSpace\PHP\Restorant\public\index.php(59): CodeIgniter\Boot::bootWeb()
#10 {main}
ERROR - 2025-07-20 05:59:12 --> Error connecting to the database: TypeError: mysqli::real_connect(): Argument #5 ($port) must be of type ?int, string given in C:\dev\WorkSpace\PHP\Restorant\system\Database\MySQLi\Connection.php:201
Stack trace:
#0 C:\dev\WorkSpace\PHP\Restorant\system\Database\MySQLi\Connection.php(201): mysqli->real_connect()
#1 C:\dev\WorkSpace\PHP\Restorant\system\Database\BaseConnection.php(421): CodeIgniter\Database\MySQLi\Connection->connect()
#2 C:\dev\WorkSpace\PHP\Restorant\system\Database\BaseConnection.php(620): CodeIgniter\Database\BaseConnection->initialize()
#3 C:\dev\WorkSpace\PHP\Restorant\app\Controllers\InstallController.php(114): CodeIgniter\Database\BaseConnection->query()
#4 C:\dev\WorkSpace\PHP\Restorant\app\Controllers\InstallController.php(26): App\Controllers\InstallController->checkDatabaseConnection()
#5 C:\dev\WorkSpace\PHP\Restorant\system\CodeIgniter.php(933): App\Controllers\InstallController->index()
#6 C:\dev\WorkSpace\PHP\Restorant\system\CodeIgniter.php(507): CodeIgniter\CodeIgniter->runController()
#7 C:\dev\WorkSpace\PHP\Restorant\system\CodeIgniter.php(354): CodeIgniter\CodeIgniter->handleRequest()
#8 C:\dev\WorkSpace\PHP\Restorant\system\Boot.php(334): CodeIgniter\CodeIgniter->run()
#9 C:\dev\WorkSpace\PHP\Restorant\system\Boot.php(67): CodeIgniter\Boot::runCodeIgniter()
#10 C:\dev\WorkSpace\PHP\Restorant\public\index.php(59): CodeIgniter\Boot::bootWeb()
#11 {main}

Next CodeIgniter\Database\Exceptions\DatabaseException: mysqli::real_connect(): Argument #5 ($port) must be of type ?int, string given in C:\dev\WorkSpace\PHP\Restorant\system\Database\MySQLi\Connection.php:246
Stack trace:
#0 C:\dev\WorkSpace\PHP\Restorant\system\Database\BaseConnection.php(421): CodeIgniter\Database\MySQLi\Connection->connect()
#1 C:\dev\WorkSpace\PHP\Restorant\system\Database\BaseConnection.php(620): CodeIgniter\Database\BaseConnection->initialize()
#2 C:\dev\WorkSpace\PHP\Restorant\app\Controllers\InstallController.php(114): CodeIgniter\Database\BaseConnection->query()
#3 C:\dev\WorkSpace\PHP\Restorant\app\Controllers\InstallController.php(26): App\Controllers\InstallController->checkDatabaseConnection()
#4 C:\dev\WorkSpace\PHP\Restorant\system\CodeIgniter.php(933): App\Controllers\InstallController->index()
#5 C:\dev\WorkSpace\PHP\Restorant\system\CodeIgniter.php(507): CodeIgniter\CodeIgniter->runController()
#6 C:\dev\WorkSpace\PHP\Restorant\system\CodeIgniter.php(354): CodeIgniter\CodeIgniter->handleRequest()
#7 C:\dev\WorkSpace\PHP\Restorant\system\Boot.php(334): CodeIgniter\CodeIgniter->run()
#8 C:\dev\WorkSpace\PHP\Restorant\system\Boot.php(67): CodeIgniter\Boot::runCodeIgniter()
#9 C:\dev\WorkSpace\PHP\Restorant\public\index.php(59): CodeIgniter\Boot::bootWeb()
#10 {main}
ERROR - 2025-07-20 05:59:14 --> Error connecting to the database: TypeError: mysqli::real_connect(): Argument #5 ($port) must be of type ?int, string given in C:\dev\WorkSpace\PHP\Restorant\system\Database\MySQLi\Connection.php:201
Stack trace:
#0 C:\dev\WorkSpace\PHP\Restorant\system\Database\MySQLi\Connection.php(201): mysqli->real_connect()
#1 C:\dev\WorkSpace\PHP\Restorant\system\Database\BaseConnection.php(421): CodeIgniter\Database\MySQLi\Connection->connect()
#2 C:\dev\WorkSpace\PHP\Restorant\system\Database\BaseConnection.php(620): CodeIgniter\Database\BaseConnection->initialize()
#3 C:\dev\WorkSpace\PHP\Restorant\app\Controllers\InstallController.php(114): CodeIgniter\Database\BaseConnection->query()
#4 C:\dev\WorkSpace\PHP\Restorant\app\Controllers\InstallController.php(26): App\Controllers\InstallController->checkDatabaseConnection()
#5 C:\dev\WorkSpace\PHP\Restorant\system\CodeIgniter.php(933): App\Controllers\InstallController->index()
#6 C:\dev\WorkSpace\PHP\Restorant\system\CodeIgniter.php(507): CodeIgniter\CodeIgniter->runController()
#7 C:\dev\WorkSpace\PHP\Restorant\system\CodeIgniter.php(354): CodeIgniter\CodeIgniter->handleRequest()
#8 C:\dev\WorkSpace\PHP\Restorant\system\Boot.php(334): CodeIgniter\CodeIgniter->run()
#9 C:\dev\WorkSpace\PHP\Restorant\system\Boot.php(67): CodeIgniter\Boot::runCodeIgniter()
#10 C:\dev\WorkSpace\PHP\Restorant\public\index.php(59): CodeIgniter\Boot::bootWeb()
#11 {main}

Next CodeIgniter\Database\Exceptions\DatabaseException: mysqli::real_connect(): Argument #5 ($port) must be of type ?int, string given in C:\dev\WorkSpace\PHP\Restorant\system\Database\MySQLi\Connection.php:246
Stack trace:
#0 C:\dev\WorkSpace\PHP\Restorant\system\Database\BaseConnection.php(421): CodeIgniter\Database\MySQLi\Connection->connect()
#1 C:\dev\WorkSpace\PHP\Restorant\system\Database\BaseConnection.php(620): CodeIgniter\Database\BaseConnection->initialize()
#2 C:\dev\WorkSpace\PHP\Restorant\app\Controllers\InstallController.php(114): CodeIgniter\Database\BaseConnection->query()
#3 C:\dev\WorkSpace\PHP\Restorant\app\Controllers\InstallController.php(26): App\Controllers\InstallController->checkDatabaseConnection()
#4 C:\dev\WorkSpace\PHP\Restorant\system\CodeIgniter.php(933): App\Controllers\InstallController->index()
#5 C:\dev\WorkSpace\PHP\Restorant\system\CodeIgniter.php(507): CodeIgniter\CodeIgniter->runController()
#6 C:\dev\WorkSpace\PHP\Restorant\system\CodeIgniter.php(354): CodeIgniter\CodeIgniter->handleRequest()
#7 C:\dev\WorkSpace\PHP\Restorant\system\Boot.php(334): CodeIgniter\CodeIgniter->run()
#8 C:\dev\WorkSpace\PHP\Restorant\system\Boot.php(67): CodeIgniter\Boot::runCodeIgniter()
#9 C:\dev\WorkSpace\PHP\Restorant\public\index.php(59): CodeIgniter\Boot::bootWeb()
#10 {main}
ERROR - 2025-07-20 05:59:15 --> Error connecting to the database: TypeError: mysqli::real_connect(): Argument #5 ($port) must be of type ?int, string given in C:\dev\WorkSpace\PHP\Restorant\system\Database\MySQLi\Connection.php:201
Stack trace:
#0 C:\dev\WorkSpace\PHP\Restorant\system\Database\MySQLi\Connection.php(201): mysqli->real_connect()
#1 C:\dev\WorkSpace\PHP\Restorant\system\Database\BaseConnection.php(421): CodeIgniter\Database\MySQLi\Connection->connect()
#2 C:\dev\WorkSpace\PHP\Restorant\system\Database\BaseConnection.php(620): CodeIgniter\Database\BaseConnection->initialize()
#3 C:\dev\WorkSpace\PHP\Restorant\app\Controllers\InstallController.php(114): CodeIgniter\Database\BaseConnection->query()
#4 C:\dev\WorkSpace\PHP\Restorant\app\Controllers\InstallController.php(26): App\Controllers\InstallController->checkDatabaseConnection()
#5 C:\dev\WorkSpace\PHP\Restorant\system\CodeIgniter.php(933): App\Controllers\InstallController->index()
#6 C:\dev\WorkSpace\PHP\Restorant\system\CodeIgniter.php(507): CodeIgniter\CodeIgniter->runController()
#7 C:\dev\WorkSpace\PHP\Restorant\system\CodeIgniter.php(354): CodeIgniter\CodeIgniter->handleRequest()
#8 C:\dev\WorkSpace\PHP\Restorant\system\Boot.php(334): CodeIgniter\CodeIgniter->run()
#9 C:\dev\WorkSpace\PHP\Restorant\system\Boot.php(67): CodeIgniter\Boot::runCodeIgniter()
#10 C:\dev\WorkSpace\PHP\Restorant\public\index.php(59): CodeIgniter\Boot::bootWeb()
#11 {main}

Next CodeIgniter\Database\Exceptions\DatabaseException: mysqli::real_connect(): Argument #5 ($port) must be of type ?int, string given in C:\dev\WorkSpace\PHP\Restorant\system\Database\MySQLi\Connection.php:246
Stack trace:
#0 C:\dev\WorkSpace\PHP\Restorant\system\Database\BaseConnection.php(421): CodeIgniter\Database\MySQLi\Connection->connect()
#1 C:\dev\WorkSpace\PHP\Restorant\system\Database\BaseConnection.php(620): CodeIgniter\Database\BaseConnection->initialize()
#2 C:\dev\WorkSpace\PHP\Restorant\app\Controllers\InstallController.php(114): CodeIgniter\Database\BaseConnection->query()
#3 C:\dev\WorkSpace\PHP\Restorant\app\Controllers\InstallController.php(26): App\Controllers\InstallController->checkDatabaseConnection()
#4 C:\dev\WorkSpace\PHP\Restorant\system\CodeIgniter.php(933): App\Controllers\InstallController->index()
#5 C:\dev\WorkSpace\PHP\Restorant\system\CodeIgniter.php(507): CodeIgniter\CodeIgniter->runController()
#6 C:\dev\WorkSpace\PHP\Restorant\system\CodeIgniter.php(354): CodeIgniter\CodeIgniter->handleRequest()
#7 C:\dev\WorkSpace\PHP\Restorant\system\Boot.php(334): CodeIgniter\CodeIgniter->run()
#8 C:\dev\WorkSpace\PHP\Restorant\system\Boot.php(67): CodeIgniter\Boot::runCodeIgniter()
#9 C:\dev\WorkSpace\PHP\Restorant\public\index.php(59): CodeIgniter\Boot::bootWeb()
#10 {main}
